<?xml version="1.0" encoding="UTF-8"?>
<robot generator="Robot 3.1.2 (Python 3.7.1 on win32)" generated="20191208 15:01:00.914" rpa="false">
<suite id="s1" name="Monitoring-Sites" source="D:\Projetos\Swagger-OAS\Monitoring-Sites\Monitoring-Sites.robot">
<test id="s1-t1" name="Browser must open with Swagger Editor and Sprint Cloud">
<kw name="Open Browser" library="SeleniumLibrary">
<doc>Opens a new browser instance to the given ``url``.</doc>
<arguments>
<arg>http://localhost:9999/index.html</arg>
<arg>chrome</arg>
</arguments>
<msg timestamp="20191208 15:01:01.120" level="INFO">Opening browser 'chrome' to base url 'http://localhost:9999/index.html'.</msg>
<status status="PASS" starttime="20191208 15:01:01.120" endtime="20191208 15:01:05.487"></status>
</kw>
<kw name="Wait Until Page Contains" library="SeleniumLibrary">
<doc>Waits until ``text`` appears on the current page.</doc>
<arguments>
<arg>Swagger Editor</arg>
</arguments>
<status status="PASS" starttime="20191208 15:01:05.488" endtime="20191208 15:01:05.672"></status>
</kw>
<kw name="Execute Javascript" library="SeleniumLibrary">
<doc>Executes the given JavaScript code with possible arguments.</doc>
<arguments>
<arg>window.open('http://localhost:8761/');</arg>
</arguments>
<msg timestamp="20191208 15:01:05.673" level="INFO">Executing JavaScript:
window.open('http://localhost:8761/');
Without any arguments.</msg>
<status status="PASS" starttime="20191208 15:01:05.673" endtime="20191208 15:01:05.733"></status>
</kw>
<kw name="Wait Until Page Contains" library="SeleniumLibrary">
<doc>Waits until ``text`` appears on the current page.</doc>
<arguments>
<arg>System Status</arg>
</arguments>
<kw name="Capture Page Screenshot" library="SeleniumLibrary">
<doc>Takes a screenshot of the current page and embeds it into a log file.</doc>
<msg timestamp="20191208 15:01:11.143" level="INFO" html="yes">&lt;/td&gt;&lt;/tr&gt;&lt;tr&gt;&lt;td colspan="3"&gt;&lt;a href="selenium-screenshot-18.png"&gt;&lt;img src="selenium-screenshot-18.png" width="800px"&gt;&lt;/a&gt;</msg>
<status status="PASS" starttime="20191208 15:01:10.788" endtime="20191208 15:01:11.143"></status>
</kw>
<msg timestamp="20191208 15:01:11.145" level="FAIL">Text 'System Status' did not appear in 5 seconds.</msg>
<status status="FAIL" starttime="20191208 15:01:05.733" endtime="20191208 15:01:11.145"></status>
</kw>
<doc>This is some basic info about the test</doc>
<tags>
<tag>Smoke</tag>
</tags>
<status status="FAIL" starttime="20191208 15:01:01.120" endtime="20191208 15:01:11.145" critical="yes">Text 'System Status' did not appear in 5 seconds.</status>
</test>
<doc>This is some basic info about the whole suite</doc>
<status status="FAIL" starttime="20191208 15:01:00.915" endtime="20191208 15:01:11.146"></status>
</suite>
<statistics>
<total>
<stat pass="0" fail="1">Critical Tests</stat>
<stat pass="0" fail="1">All Tests</stat>
</total>
<tag>
<stat pass="0" fail="1">Smoke</stat>
</tag>
<suite>
<stat pass="0" fail="1" id="s1" name="Monitoring-Sites">Monitoring-Sites</stat>
</suite>
</statistics>
<errors>
</errors>
</robot>
